<?xml version="1.0" ?>
<!DOCTYPE coverage SYSTEM "http://cobertura.sourceforge.net/xml/coverage-04.dtd">
<coverage lines-valid="44" lines-covered="41" line-rate="0.9318000000000001" branches-valid="15" branches-covered="7" branch-rate="0.46659999999999996" timestamp="1739337434270" complexity="0" version="0.1">
  <sources>
    <source>/Users/10009313/code/github/@buka/community.opendoc/pkg/openapi-shaking</source>
  </sources>
  <packages>
    <package name="src" line-rate="0.925" branch-rate="0.5">
      <classes>
        <class name="index.ts" filename="src/index.ts" line-rate="0" branch-rate="1">
          <methods>
          </methods>
          <lines>
            <line number="1" hits="0" branch="false"/>
            <line number="2" hits="0" branch="false"/>
          </lines>
        </class>
        <class name="shaking-orphaned-components.ts" filename="src/shaking-orphaned-components.ts" line-rate="0.9565" branch-rate="0.5">
          <methods>
            <method name="openapiShakingOrphanedComponents" hits="2" signature="()V">
              <lines>
                <line number="6" hits="2"/>
              </lines>
            </method>
            <method name="(anonymous_1)" hits="2" signature="()V">
              <lines>
                <line number="10" hits="2"/>
              </lines>
            </method>
            <method name="(anonymous_2)" hits="2" signature="()V">
              <lines>
                <line number="11" hits="2"/>
              </lines>
            </method>
            <method name="(anonymous_3)" hits="6" signature="()V">
              <lines>
                <line number="15" hits="6"/>
              </lines>
            </method>
            <method name="(anonymous_4)" hits="6" signature="()V">
              <lines>
                <line number="16" hits="6"/>
              </lines>
            </method>
            <method name="(anonymous_5)" hits="6" signature="()V">
              <lines>
                <line number="17" hits="6"/>
              </lines>
            </method>
            <method name="(anonymous_6)" hits="9" signature="()V">
              <lines>
                <line number="22" hits="9"/>
              </lines>
            </method>
            <method name="(anonymous_7)" hits="21" signature="()V">
              <lines>
                <line number="23" hits="21"/>
              </lines>
            </method>
          </methods>
          <lines>
            <line number="1" hits="2" branch="false"/>
            <line number="3" hits="2" branch="false"/>
            <line number="6" hits="2" branch="false"/>
            <line number="7" hits="2" branch="false"/>
            <line number="9" hits="2" branch="true" condition-coverage="50% (1/2)"/>
            <line number="10" hits="2" branch="true" condition-coverage="50% (1/2)"/>
            <line number="11" hits="2" branch="false"/>
            <line number="14" hits="2" branch="false"/>
            <line number="15" hits="6" branch="false"/>
            <line number="16" hits="6" branch="false"/>
            <line number="17" hits="6" branch="false"/>
            <line number="22" hits="9" branch="false"/>
            <line number="23" hits="21" branch="true" condition-coverage="100% (2/2)"/>
            <line number="27" hits="2" branch="false"/>
            <line number="29" hits="2" branch="false"/>
            <line number="30" hits="4" branch="true" condition-coverage="0% (0/1)"/>
            <line number="32" hits="4" branch="false"/>
            <line number="33" hits="9" branch="true" condition-coverage="0% (0/1)"/>
            <line number="35" hits="9" branch="true" condition-coverage="100% (1/1)"/>
            <line number="36" hits="3" branch="false"/>
            <line number="40" hits="4" branch="true" condition-coverage="0% (0/1)"/>
            <line number="41" hits="0" branch="false"/>
            <line number="45" hits="2" branch="false"/>
          </lines>
        </class>
        <class name="shaking.ts" filename="src/shaking.ts" line-rate="1" branch-rate="0.5">
          <methods>
            <method name="openapiShaking" hits="1" signature="()V">
              <lines>
                <line number="8" hits="1"/>
              </lines>
            </method>
          </methods>
          <lines>
            <line number="1" hits="1" branch="false"/>
            <line number="4" hits="1" branch="false"/>
            <line number="5" hits="1" branch="false"/>
            <line number="8" hits="1" branch="false"/>
            <line number="9" hits="1" branch="false"/>
            <line number="11" hits="1" branch="false"/>
            <line number="12" hits="2" branch="false"/>
            <line number="13" hits="2" branch="true" condition-coverage="0% (0/1)"/>
            <line number="15" hits="2" branch="false"/>
            <line number="16" hits="2" branch="true" condition-coverage="0% (0/1)"/>
            <line number="18" hits="2" branch="true" condition-coverage="100% (1/1)"/>
            <line number="19" hits="1" branch="false"/>
            <line number="23" hits="2" branch="true" condition-coverage="100% (1/1)"/>
            <line number="24" hits="1" branch="false"/>
            <line number="28" hits="1" branch="false"/>
          </lines>
        </class>
      </classes>
    </package>
    <package name="src.utils" line-rate="1" branch-rate="0">
      <classes>
        <class name="is-valid-method.ts" filename="src/utils/is-valid-method.ts" line-rate="1" branch-rate="0">
          <methods>
            <method name="isValidMethod" hits="2" signature="()V">
              <lines>
                <line number="4" hits="2"/>
              </lines>
            </method>
            <method name="(anonymous_1)" hits="3" signature="()V">
              <lines>
                <line number="6" hits="3"/>
              </lines>
            </method>
          </methods>
          <lines>
            <line number="1" hits="1" branch="false"/>
            <line number="4" hits="1" branch="false"/>
            <line number="5" hits="2" branch="true" condition-coverage="0% (0/1)"/>
            <line number="6" hits="3" branch="false"/>
          </lines>
        </class>
      </classes>
    </package>
  </packages>
</coverage>
