<?xml version="1.0" ?>
<!DOCTYPE coverage SYSTEM "http://cobertura.sourceforge.net/xml/coverage-04.dtd">
<coverage lines-valid="87" lines-covered="76" line-rate="0.8734999999999999" branches-valid="26" branches-covered="14" branch-rate="0.5384" timestamp="1739011959094" complexity="0" version="0.1">
  <sources>
    <source>/Users/10009313/code/github/@buka/community.opendoc/pkg/openapi-reference-parser</source>
  </sources>
  <packages>
    <package name="src" line-rate="0.8704999999999999" branch-rate="0.4782">
      <classes>
        <class name="index.ts" filename="src/index.ts" line-rate="0" branch-rate="1">
          <methods>
          </methods>
          <lines>
            <line number="1" hits="0" branch="false"/>
          </lines>
        </class>
        <class name="parser.ts" filename="src/parser.ts" line-rate="1" branch-rate="0.4736">
          <methods>
            <method name="(anonymous_0)" hits="1" signature="()V">
              <lines>
                <line number="15" hits="1"/>
              </lines>
            </method>
            <method name="(anonymous_1)" hits="3" signature="()V">
              <lines>
                <line number="20" hits="3"/>
              </lines>
            </method>
            <method name="(anonymous_2)" hits="4" signature="()V">
              <lines>
                <line number="43" hits="4"/>
              </lines>
            </method>
            <method name="(anonymous_3)" hits="5" signature="()V">
              <lines>
                <line number="49" hits="5"/>
              </lines>
            </method>
            <method name="(anonymous_4)" hits="1" signature="()V">
              <lines>
                <line number="52" hits="1"/>
              </lines>
            </method>
            <method name="(anonymous_5)" hits="4" signature="()V">
              <lines>
                <line number="53" hits="4"/>
              </lines>
            </method>
            <method name="(anonymous_6)" hits="5" signature="()V">
              <lines>
                <line number="55" hits="5"/>
              </lines>
            </method>
            <method name="(anonymous_7)" hits="3" signature="()V">
              <lines>
                <line number="57" hits="3"/>
              </lines>
            </method>
            <method name="(anonymous_8)" hits="1" signature="()V">
              <lines>
                <line number="61" hits="1"/>
              </lines>
            </method>
            <method name="(anonymous_9)" hits="4" signature="()V">
              <lines>
                <line number="62" hits="4"/>
              </lines>
            </method>
            <method name="(anonymous_10)" hits="1" signature="()V">
              <lines>
                <line number="68" hits="1"/>
              </lines>
            </method>
            <method name="(anonymous_11)" hits="2" signature="()V">
              <lines>
                <line number="68" hits="2"/>
              </lines>
            </method>
            <method name="(anonymous_12)" hits="4" signature="()V">
              <lines>
                <line number="69" hits="4"/>
              </lines>
            </method>
            <method name="(anonymous_13)" hits="1" signature="()V">
              <lines>
                <line number="91" hits="1"/>
              </lines>
            </method>
            <method name="(anonymous_14)" hits="4" signature="()V">
              <lines>
                <line number="96" hits="4"/>
              </lines>
            </method>
            <method name="(anonymous_15)" hits="4" signature="()V">
              <lines>
                <line number="106" hits="4"/>
              </lines>
            </method>
            <method name="(anonymous_16)" hits="1" signature="()V">
              <lines>
                <line number="107" hits="1"/>
              </lines>
            </method>
            <method name="(anonymous_17)" hits="3" signature="()V">
              <lines>
                <line number="108" hits="3"/>
              </lines>
            </method>
          </methods>
          <lines>
            <line number="1" hits="1" branch="false"/>
            <line number="4" hits="1" branch="false"/>
            <line number="5" hits="1" branch="false"/>
            <line number="6" hits="1" branch="false"/>
            <line number="10" hits="1" branch="false"/>
            <line number="11" hits="1" branch="false"/>
            <line number="12" hits="1" branch="false"/>
            <line number="13" hits="1" branch="false"/>
            <line number="16" hits="1" branch="false"/>
            <line number="21" hits="3" branch="true" condition-coverage="50% (1/2)"/>
            <line number="22" hits="3" branch="true" condition-coverage="0% (0/1)"/>
            <line number="24" hits="3" branch="false"/>
            <line number="25" hits="3" branch="false"/>
            <line number="27" hits="3" branch="false"/>
            <line number="28" hits="3" branch="true" condition-coverage="0% (0/1)"/>
            <line number="29" hits="3" branch="false"/>
            <line number="33" hits="3" branch="true" condition-coverage="50% (1/2)"/>
            <line number="34" hits="6" branch="true" condition-coverage="0% (0/1)"/>
            <line number="36" hits="6" branch="false"/>
            <line number="37" hits="9" branch="true" condition-coverage="0% (0/1)"/>
            <line number="38" hits="9" branch="false"/>
            <line number="44" hits="4" branch="false"/>
            <line number="49" hits="5" branch="false"/>
            <line number="53" hits="1" branch="false"/>
            <line number="54" hits="4" branch="false"/>
            <line number="55" hits="5" branch="false"/>
            <line number="57" hits="4" branch="false"/>
            <line number="62" hits="1" branch="false"/>
            <line number="63" hits="4" branch="false"/>
            <line number="64" hits="4" branch="true" condition-coverage="0% (0/1)"/>
            <line number="66" hits="4" branch="false"/>
            <line number="67" hits="4" branch="false"/>
            <line number="68" hits="4" branch="true" condition-coverage="100% (2/2)"/>
            <line number="69" hits="4" branch="false"/>
            <line number="70" hits="4" branch="false"/>
            <line number="71" hits="1" branch="true" condition-coverage="0% (0/1)"/>
            <line number="72" hits="1" branch="false"/>
            <line number="73" hits="1" branch="false"/>
            <line number="77" hits="4" branch="false"/>
            <line number="78" hits="4" branch="false"/>
            <line number="79" hits="4" branch="false"/>
            <line number="80" hits="4" branch="false"/>
            <line number="82" hits="4" branch="true" condition-coverage="50% (1/2)"/>
            <line number="83" hits="4" branch="true" condition-coverage="100% (1/1)"/>
            <line number="86" hits="4" branch="false"/>
            <line number="87" hits="4" branch="false"/>
            <line number="92" hits="1" branch="false"/>
            <line number="93" hits="1" branch="false"/>
            <line number="95" hits="1" branch="false"/>
            <line number="96" hits="1" branch="false"/>
            <line number="97" hits="4" branch="false"/>
            <line number="98" hits="4" branch="false"/>
            <line number="99" hits="4" branch="false"/>
            <line number="101" hits="4" branch="true" condition-coverage="75% (3/4)"/>
            <line number="103" hits="4" branch="false"/>
            <line number="106" hits="4" branch="false"/>
            <line number="107" hits="1" branch="false"/>
            <line number="108" hits="3" branch="false"/>
            <line number="113" hits="1" branch="false"/>
          </lines>
        </class>
        <class name="reference.ts" filename="src/reference.ts" line-rate="0.6" branch-rate="0.5">
          <methods>
            <method name="(anonymous_0)" hits="17" signature="()V">
              <lines>
                <line number="7" hits="17"/>
              </lines>
            </method>
            <method name="(anonymous_1)" hits="17" signature="()V">
              <lines>
                <line number="23" hits="17"/>
              </lines>
            </method>
            <method name="(anonymous_2)" hits="0" signature="()V">
              <lines>
                <line number="27" hits="0"/>
              </lines>
            </method>
            <method name="(anonymous_3)" hits="8" signature="()V">
              <lines>
                <line number="31" hits="8"/>
              </lines>
            </method>
            <method name="(anonymous_4)" hits="16" signature="()V">
              <lines>
                <line number="35" hits="16"/>
              </lines>
            </method>
            <method name="(anonymous_5)" hits="24" signature="()V">
              <lines>
                <line number="39" hits="24"/>
              </lines>
            </method>
            <method name="(anonymous_6)" hits="11" signature="()V">
              <lines>
                <line number="43" hits="11"/>
              </lines>
            </method>
            <method name="(anonymous_7)" hits="0" signature="()V">
              <lines>
                <line number="50" hits="0"/>
              </lines>
            </method>
            <method name="(anonymous_8)" hits="0" signature="()V">
              <lines>
                <line number="54" hits="0"/>
              </lines>
            </method>
            <method name="(anonymous_9)" hits="0" signature="()V">
              <lines>
                <line number="58" hits="0"/>
              </lines>
            </method>
            <method name="(anonymous_10)" hits="0" signature="()V">
              <lines>
                <line number="63" hits="0"/>
              </lines>
            </method>
            <method name="(anonymous_11)" hits="0" signature="()V">
              <lines>
                <line number="68" hits="0"/>
              </lines>
            </method>
            <method name="(anonymous_12)" hits="0" signature="()V">
              <lines>
                <line number="72" hits="0"/>
              </lines>
            </method>
          </methods>
          <lines>
            <line number="1" hits="1" branch="false"/>
            <line number="3" hits="1" branch="false"/>
            <line number="6" hits="1" branch="false"/>
            <line number="8" hits="17" branch="true" condition-coverage="100% (1/1)"/>
            <line number="9" hits="5" branch="true" condition-coverage="100% (1/1)"/>
            <line number="10" hits="0" branch="false"/>
            <line number="13" hits="12" branch="false"/>
            <line number="22" hits="1" branch="false"/>
            <line number="23" hits="17" branch="false"/>
            <line number="24" hits="17" branch="false"/>
            <line number="28" hits="0" branch="false"/>
            <line number="32" hits="8" branch="false"/>
            <line number="36" hits="16" branch="false"/>
            <line number="40" hits="24" branch="false"/>
            <line number="44" hits="11" branch="true" condition-coverage="0% (0/1)"/>
            <line number="45" hits="11" branch="false"/>
            <line number="49" hits="1" branch="false"/>
            <line number="50" hits="0" branch="false"/>
            <line number="51" hits="0" branch="false"/>
            <line number="55" hits="0" branch="false"/>
            <line number="59" hits="0" branch="false"/>
            <line number="64" hits="0" branch="false"/>
            <line number="69" hits="0" branch="false"/>
            <line number="73" hits="0" branch="true" condition-coverage="0% (0/1)"/>
            <line number="74" hits="0" branch="false"/>
          </lines>
        </class>
      </classes>
    </package>
    <package name="src.utils" line-rate="1" branch-rate="1">
      <classes>
        <class name="is-object.ts" filename="src/utils/is-object.ts" line-rate="1" branch-rate="1">
          <methods>
            <method name="isObject" hits="9" signature="()V">
              <lines>
                <line number="2" hits="9"/>
              </lines>
            </method>
          </methods>
          <lines>
            <line number="2" hits="1" branch="false"/>
            <line number="3" hits="9" branch="true" condition-coverage="100% (3/3)"/>
          </lines>
        </class>
      </classes>
    </package>
  </packages>
</coverage>
